<?xml version="1.0" encoding="UTF-8"?>
<!-- Generated by org.testng.reporters.JUnitXMLReporter -->
<testsuite ignored="1" hostname="DESKTOP-PEVCGOU" failures="0" tests="2" name="Default test" time="2.981" errors="0" timestamp="2025-07-12T22:36:21 EET">
  <testcase classname="firstproject.Practice" name="login" time="0.532"/>
  <testcase classname="firstproject.Practice" name="additem" time="0.747"/>
  <testcase classname="firstproject.Practice" name="AddAllItemsToTheCart" time="0.0">
    <ignored/>
  </testcase> <!-- AddAllItemsToTheCart -->
</testsuite> <!-- Default test -->
