<?xml version="1.0" encoding="UTF-8"?>
<testng-results ignored="1" total="3" passed="2" failed="0" skipped="0">
  <reporter-output>
  </reporter-output>
  <suite started-at="2025-07-12T22:36:18 EET" name="Default suite" finished-at="2025-07-12T22:36:21 EET" duration-ms="2981">
    <groups>
    </groups>
    <test started-at="2025-07-12T22:36:18 EET" name="Default test" finished-at="2025-07-12T22:36:21 EET" duration-ms="2981">
      <class name="firstproject.Practice">
        <test-method is-config="true" signature="mySetup()[pri:0, instance:firstproject.Practice@49872d67]" started-at="2025-07-12T22:36:18 EET" name="mySetup" finished-at="2025-07-12T22:36:19 EET" duration-ms="1635" status="PASS">
          <reporter-output>
          </reporter-output>
        </test-method> <!-- mySetup -->
        <test-method signature="login()[pri:1, instance:firstproject.Practice@49872d67]" started-at="2025-07-12T22:36:20 EET" name="login" finished-at="2025-07-12T22:36:20 EET" duration-ms="532" status="PASS">
          <reporter-output>
          </reporter-output>
        </test-method> <!-- login -->
        <test-method signature="additem()[pri:3, instance:firstproject.Practice@49872d67]" started-at="2025-07-12T22:36:20 EET" name="additem" finished-at="2025-07-12T22:36:21 EET" duration-ms="747" status="PASS">
          <reporter-output>
          </reporter-output>
        </test-method> <!-- additem -->
      </class> <!-- firstproject.Practice -->
    </test> <!-- Default test -->
  </suite> <!-- Default suite -->
</testng-results>
